This is XeTeX, Version 3.14159265-2.6-0.999992 (TeX Live 2020/Debian) (preloaded format=xelatex 2022.5.29)  9 OCT 2022 15:14
entering extended mode
 restricted \write18 enabled.
 %&-line parsing enabled.
**mccartney_animation.tex
(./mccartney_animation.tex
LaTeX2e <2020-10-01> patch level 4
L3 programming layer <2021-01-09> xparse <2020-03-03>
(/usr/share/texlive/texmf-dist/tex/latex/base/book.cls
Document Class: book 2020/04/10 v1.4m Standard LaTeX document class
(/usr/share/texlive/texmf-dist/tex/latex/base/bk11.clo
File: bk11.clo 2020/04/10 v1.4m Standard LaTeX file (size option)
)
\c@part=\count173
\c@chapter=\count174
\c@section=\count175
\c@subsection=\count176
\c@subsubsection=\count177
\c@paragraph=\count178
\c@subparagraph=\count179
\c@figure=\count180
\c@table=\count181
\abovecaptionskip=\skip47
\belowcaptionskip=\skip48
\bibindent=\dimen138
)
(/usr/share/texlive/texmf-dist/tex/latex/pdfpages/pdfpages.sty
Package: pdfpages 2021/01/09 v0.5r Insert pages of external PDF documents (AM)

(/usr/share/texlive/texmf-dist/tex/latex/base/ifthen.sty
Package: ifthen 2014/09/29 v1.1c Standard LaTeX ifthen package (DPC)
)
(/usr/share/texlive/texmf-dist/tex/latex/tools/calc.sty
Package: calc 2017/05/25 v4.3 Infix arithmetic (KKT,FJ)
\calc@Acount=\count182
\calc@Bcount=\count183
\calc@Adimen=\dimen139
\calc@Bdimen=\dimen140
\calc@Askip=\skip49
\calc@Bskip=\skip50
LaTeX Info: Redefining \setlength on input line 80.
LaTeX Info: Redefining \addtolength on input line 81.
\calc@Ccount=\count184
\calc@Cskip=\skip51
)
(/usr/share/texlive/texmf-dist/tex/latex/eso-pic/eso-pic.sty
Package: eso-pic 2020/10/14 v3.0a eso-pic (RN)
\ESO@tempdima=\dimen141
\ESO@tempdimb=\dimen142

(/usr/share/texlive/texmf-dist/tex/latex/graphics/keyval.sty
Package: keyval 2014/10/28 v1.15 key=value parser (DPC)
\KV@toks@=\toks15
)
(/usr/share/texlive/texmf-dist/tex/latex/xcolor/xcolor.sty
Package: xcolor 2016/05/11 v2.12 LaTeX color extensions (UK)

(/usr/share/texlive/texmf-dist/tex/latex/graphics-cfg/color.cfg
File: color.cfg 2016/01/02 v1.6 sample color configuration
)
Package xcolor Info: Driver file: xetex.def on input line 225.

(/usr/share/texlive/texmf-dist/tex/latex/graphics-def/xetex.def
File: xetex.def 2020/08/26 v5.0i Graphics/color driver for xetex
)
Package xcolor Info: Model `cmy' substituted by `cmy0' on input line 1348.
Package xcolor Info: Model `RGB' extended on input line 1364.
Package xcolor Info: Model `HTML' substituted by `rgb' on input line 1366.
Package xcolor Info: Model `Hsb' substituted by `hsb' on input line 1367.
Package xcolor Info: Model `tHsb' substituted by `hsb' on input line 1368.
Package xcolor Info: Model `HSB' substituted by `hsb' on input line 1369.
Package xcolor Info: Model `Gray' substituted by `gray' on input line 1370.
Package xcolor Info: Model `wave' substituted by `hsb' on input line 1371.
))
(/usr/share/texlive/texmf-dist/tex/latex/graphics/graphicx.sty
Package: graphicx 2020/09/09 v1.2b Enhanced LaTeX Graphics (DPC,SPQR)

(/usr/share/texlive/texmf-dist/tex/latex/graphics/graphics.sty
Package: graphics 2020/08/30 v1.4c Standard LaTeX Graphics (DPC,SPQR)

(/usr/share/texlive/texmf-dist/tex/latex/graphics/trig.sty
Package: trig 2016/01/03 v1.10 sin cos tan (DPC)
)
(/usr/share/texlive/texmf-dist/tex/latex/graphics-cfg/graphics.cfg
File: graphics.cfg 2016/06/04 v1.11 sample graphics configuration
)
Package graphics Info: Driver file: xetex.def on input line 105.
)
\Gin@req@height=\dimen143
\Gin@req@width=\dimen144
)
\AM@pagewidth=\dimen145
\AM@pageheight=\dimen146

(/usr/share/texlive/texmf-dist/tex/latex/pdfpages/ppxetex.def
File: ppxetex.def 2021/01/09 v0.5r Pdfpages driver for XeTeX (AM)
)
\pdfpages@includegraphics@status=\count185
\AM@pagebox=\box47
\AM@global@opts=\toks16
\AM@pagecnt=\count186
\AM@toc@title=\toks17
\c@AM@survey=\count187
\AM@templatesizebox=\box48
)
(/usr/share/texlive/texmf-dist/tex/latex/fancyhdr/fancyhdr.sty
Package: fancyhdr 2021/01/04 v4.0 Extensive control of page headers and footers

\f@nch@headwidth=\skip52
\f@nch@O@elh=\skip53
\f@nch@O@erh=\skip54
\f@nch@O@olh=\skip55
\f@nch@O@orh=\skip56
\f@nch@O@elf=\skip57
\f@nch@O@erf=\skip58
\f@nch@O@olf=\skip59
\f@nch@O@orf=\skip60
)
(/usr/share/texlive/texmf-dist/tex/generic/nth/nth.sty
Package: nth 2002/02/27
)
(/usr/share/texlive/texmf-dist/tex/latex/base/inputenc.sty
Package: inputenc 2020/08/01 v1.3d Input encoding file
\inpenc@prehook=\toks18
\inpenc@posthook=\toks19


Package inputenc Warning: inputenc package ignored with utf8 based engines.

) (/usr/share/texlive/texmf-dist/tex/latex/nopageno/nopageno.sty
Package: nopageno 1989/01/01 no page numbers (DPC)
)
(/usr/share/texlive/texmf-dist/tex/latex/tools/afterpage.sty
Package: afterpage 2014/10/28 v1.08 After-Page Package (DPC)
\AP@output=\toks20
\AP@partial=\box49
\AP@footins=\box50
)
(/usr/share/texlive/texmf-dist/tex/latex/geometry/geometry.sty
Package: geometry 2020/01/02 v5.9 Page Geometry

(/usr/share/texlive/texmf-dist/tex/generic/iftex/ifvtex.sty
Package: ifvtex 2019/10/25 v1.7 ifvtex legacy package. Use iftex instead.

(/usr/share/texlive/texmf-dist/tex/generic/iftex/iftex.sty
Package: iftex 2020/03/06 v1.0d TeX engine tests
))
\Gm@cnth=\count188
\Gm@cntv=\count189
\c@Gm@tempcnt=\count190
\Gm@bindingoffset=\dimen147
\Gm@wd@mp=\dimen148
\Gm@odd@mp=\dimen149
\Gm@even@mp=\dimen150
\Gm@layoutwidth=\dimen151
\Gm@layoutheight=\dimen152
\Gm@layouthoffset=\dimen153
\Gm@layoutvoffset=\dimen154
\Gm@dimlist=\toks21
)
(/usr/share/texlive/texmf-dist/tex/latex/l3backend/l3backend-xetex.def
File: l3backend-xetex.def 2020-01-29 L3 backend support: XeTeX

(|extractbb --version)
\c__kernel_sys_dvipdfmx_version_int=\count191
\l__color_backend_stack_int=\count192
\g__graphics_track_int=\count193
\l__pdf_internal_box=\box51
\g__pdf_backend_object_int=\count194
\g__pdf_backend_annotation_int=\count195
\g__pdf_backend_link_int=\count196
) (./mccartney_animation.aux)
\openout1 = `mccartney_animation.aux'.

LaTeX Font Info:    Checking defaults for OML/cmm/m/it on input line 82.
LaTeX Font Info:    ... okay on input line 82.
LaTeX Font Info:    Checking defaults for OMS/cmsy/m/n on input line 82.
LaTeX Font Info:    ... okay on input line 82.
LaTeX Font Info:    Checking defaults for OT1/cmr/m/n on input line 82.
LaTeX Font Info:    ... okay on input line 82.
LaTeX Font Info:    Checking defaults for T1/cmr/m/n on input line 82.
LaTeX Font Info:    ... okay on input line 82.
LaTeX Font Info:    Checking defaults for TS1/cmr/m/n on input line 82.
LaTeX Font Info:    Trying to load font information for TS1+cmr on input line 8
2.

(/usr/share/texlive/texmf-dist/tex/latex/base/ts1cmr.fd
File: ts1cmr.fd 2019/12/16 v2.5j Standard LaTeX font definitions
)
LaTeX Font Info:    ... okay on input line 82.
LaTeX Font Info:    Checking defaults for TU/lmr/m/n on input line 82.
LaTeX Font Info:    ... okay on input line 82.
LaTeX Font Info:    Checking defaults for OMX/cmex/m/n on input line 82.
LaTeX Font Info:    ... okay on input line 82.
LaTeX Font Info:    Checking defaults for U/cmr/m/n on input line 82.
LaTeX Font Info:    ... okay on input line 82.

(/usr/share/texlive/texmf-dist/tex/latex/pdflscape/pdflscape.sty
Package: pdflscape 2019/12/05 v0.12 Display of landscape pages in PDF (HO)

(/usr/share/texlive/texmf-dist/tex/latex/graphics/lscape.sty
Package: lscape 2020/05/28 v3.02 Landscape Pages (DPC)
)
Package pdflscape Info: Auto-detected driver: dvipdfm (xetex) on input line 98.


(/usr/share/texlive/texmf-dist/tex/latex/base/atbegshi-ltx.sty
Package: atbegshi-ltx 2020/08/17 v1.0a Emulation of the original atbegshi packa
ge
with kernel methods
))
*geometry* driver: auto-detecting
*geometry* detected driver: xetex
*geometry* verbose mode - [ preamble ] result:
* driver: xetex
* paper: a4paper
* layout: <same size as paper>
* layoutoffset:(h,v)=(0.0pt,0.0pt)
* modes: twoside 
* h-part:(L,W,R)=(56.9055pt, 483.69684pt, 56.90553pt)
* v-part:(T,H,B)=(56.9055pt, 731.23582pt, 56.90552pt)
* \paperwidth=597.50787pt
* \paperheight=845.04684pt
* \textwidth=483.69684pt
* \textheight=731.23582pt
* \oddsidemargin=-15.36449pt
* \evensidemargin=-15.36446pt
* \topmargin=-47.23828pt
* \headheight=12.0pt
* \headsep=19.8738pt
* \topskip=11.0pt
* \footskip=27.46295pt
* \marginparwidth=106.0pt
* \marginparsep=7.0pt
* \columnsep=10.0pt
* \skip\footins=10.0pt plus 4.0pt minus 2.0pt
* \hoffset=0.0pt
* \voffset=0.0pt
* \mag=1000
* \@twocolumnfalse
* \@twosidetrue
* \@mparswitchtrue
* \@reversemarginfalse
* (1in=72.27pt=25.4mm, 1cm=28.453pt)

[1



] [2

]
File: ./animation-appendix.pdf Graphic file (type pdf)
<use ./animation-appendix.pdf>
File: ./animation-appendix.pdf Graphic file (type pdf)
<use ./animation-appendix.pdf>
File: ./animation-appendix.pdf Graphic file (type pdf)
<use ./animation-appendix.pdf, page 1>
File: ./animation-appendix.pdf Graphic file (type pdf)
<use ./animation-appendix.pdf, page 1>
 [1]
File: ./animation-appendix.pdf Graphic file (type pdf)
<use ./animation-appendix.pdf, page 1>
File: ./animation-appendix.pdf Graphic file (type pdf)
<use ./animation-appendix.pdf, page 1>
File: ./animation-appendix.pdf Graphic file (type pdf)
<use ./animation-appendix.pdf, page 1>
 [2]
File: ./animation-appendix.pdf Graphic file (type pdf)
<use ./animation-appendix.pdf, page 2>
File: ./animation-appendix.pdf Graphic file (type pdf)
<use ./animation-appendix.pdf, page 2>
File: ./animation-appendix.pdf Graphic file (type pdf)
<use ./animation-appendix.pdf, page 2>
 [3]
File: ./animation-appendix.pdf Graphic file (type pdf)
<use ./animation-appendix.pdf, page 3>
File: ./animation-appendix.pdf Graphic file (type pdf)
<use ./animation-appendix.pdf, page 3>
File: ./animation-appendix.pdf Graphic file (type pdf)
<use ./animation-appendix.pdf, page 3>
 [4]
File: ./animation-appendix.pdf Graphic file (type pdf)
<use ./animation-appendix.pdf, page 4>
File: ./animation-appendix.pdf Graphic file (type pdf)
<use ./animation-appendix.pdf, page 4>
File: ./animation-appendix.pdf Graphic file (type pdf)
<use ./animation-appendix.pdf, page 4>
 [5]
File: ./animation-appendix.pdf Graphic file (type pdf)
<use ./animation-appendix.pdf, page 5>
File: ./animation-appendix.pdf Graphic file (type pdf)
<use ./animation-appendix.pdf, page 5>
File: ./animation-appendix.pdf Graphic file (type pdf)
<use ./animation-appendix.pdf, page 5>
 [6] [7

]
Underfull \vbox (badness 10000) has occurred while \output is active []

 [8

]
File: ./animation.pdf Graphic file (type pdf)
<use ./animation.pdf>
File: ./animation.pdf Graphic file (type pdf)
<use ./animation.pdf>
File: ./animation.pdf Graphic file (type pdf)
<use ./animation.pdf, page 1>
File: ./animation.pdf Graphic file (type pdf)
<use ./animation.pdf, page 1>

[9]
File: ./animation.pdf Graphic file (type pdf)
<use ./animation.pdf, page 1>
File: ./animation.pdf Graphic file (type pdf)
<use ./animation.pdf, page 1>
File: ./animation.pdf Graphic file (type pdf)
<use ./animation.pdf, page 1>
 [10]
File: ./animation.pdf Graphic file (type pdf)
<use ./animation.pdf, page 2>
File: ./animation.pdf Graphic file (type pdf)
<use ./animation.pdf, page 2>
File: ./animation.pdf Graphic file (type pdf)
<use ./animation.pdf, page 2>
 [11]
File: ./animation.pdf Graphic file (type pdf)
<use ./animation.pdf, page 3>
File: ./animation.pdf Graphic file (type pdf)
<use ./animation.pdf, page 3>
File: ./animation.pdf Graphic file (type pdf)
<use ./animation.pdf, page 3>
 [12]
File: ./animation.pdf Graphic file (type pdf)
<use ./animation.pdf, page 4>
File: ./animation.pdf Graphic file (type pdf)
<use ./animation.pdf, page 4>
File: ./animation.pdf Graphic file (type pdf)
<use ./animation.pdf, page 4>
 [13]
File: ./animation.pdf Graphic file (type pdf)
<use ./animation.pdf, page 5>
File: ./animation.pdf Graphic file (type pdf)
<use ./animation.pdf, page 5>
File: ./animation.pdf Graphic file (type pdf)
<use ./animation.pdf, page 5>
 [14]
File: ./animation.pdf Graphic file (type pdf)
<use ./animation.pdf, page 6>
File: ./animation.pdf Graphic file (type pdf)
<use ./animation.pdf, page 6>
File: ./animation.pdf Graphic file (type pdf)
<use ./animation.pdf, page 6>
 [15]
File: ./animation.pdf Graphic file (type pdf)
<use ./animation.pdf, page 7>
File: ./animation.pdf Graphic file (type pdf)
<use ./animation.pdf, page 7>
File: ./animation.pdf Graphic file (type pdf)
<use ./animation.pdf, page 7>
 [16]
File: ./animation.pdf Graphic file (type pdf)
<use ./animation.pdf, page 8>
File: ./animation.pdf Graphic file (type pdf)
<use ./animation.pdf, page 8>
File: ./animation.pdf Graphic file (type pdf)
<use ./animation.pdf, page 8>
 [17]
File: ./animation.pdf Graphic file (type pdf)
<use ./animation.pdf, page 9>
File: ./animation.pdf Graphic file (type pdf)
<use ./animation.pdf, page 9>
File: ./animation.pdf Graphic file (type pdf)
<use ./animation.pdf, page 9>
 [18]
File: ./animation.pdf Graphic file (type pdf)
<use ./animation.pdf, page 10>
File: ./animation.pdf Graphic file (type pdf)
<use ./animation.pdf, page 10>
File: ./animation.pdf Graphic file (type pdf)
<use ./animation.pdf, page 10>
 [19]
File: ./animation.pdf Graphic file (type pdf)
<use ./animation.pdf, page 11>
File: ./animation.pdf Graphic file (type pdf)
<use ./animation.pdf, page 11>
File: ./animation.pdf Graphic file (type pdf)
<use ./animation.pdf, page 11>
 [20]
File: ./animation.pdf Graphic file (type pdf)
<use ./animation.pdf, page 12>
File: ./animation.pdf Graphic file (type pdf)
<use ./animation.pdf, page 12>
File: ./animation.pdf Graphic file (type pdf)
<use ./animation.pdf, page 12>
 [21]
File: ./animation.pdf Graphic file (type pdf)
<use ./animation.pdf, page 13>
File: ./animation.pdf Graphic file (type pdf)
<use ./animation.pdf, page 13>
File: ./animation.pdf Graphic file (type pdf)
<use ./animation.pdf, page 13>
 [22]
File: ./animation.pdf Graphic file (type pdf)
<use ./animation.pdf, page 14>
File: ./animation.pdf Graphic file (type pdf)
<use ./animation.pdf, page 14>
File: ./animation.pdf Graphic file (type pdf)
<use ./animation.pdf, page 14>
 [23]
File: ./animation.pdf Graphic file (type pdf)
<use ./animation.pdf, page 15>
File: ./animation.pdf Graphic file (type pdf)
<use ./animation.pdf, page 15>
File: ./animation.pdf Graphic file (type pdf)
<use ./animation.pdf, page 15>

[24]
Underfull \vbox (badness 10000) has occurred while \output is active []

 [25]
File: ./animation_part-flutes.pdf Graphic file (type pdf)
<use ./animation_part-flutes.pdf>
File: ./animation_part-flutes.pdf Graphic file (type pdf)
<use ./animation_part-flutes.pdf>
File: ./animation_part-flutes.pdf Graphic file (type pdf)
<use ./animation_part-flutes.pdf, page 1>
File: ./animation_part-flutes.pdf Graphic file (type pdf)
<use ./animation_part-flutes.pdf, page 1>

[26]
File: ./animation_part-flutes.pdf Graphic file (type pdf)
<use ./animation_part-flutes.pdf, page 1>
File: ./animation_part-flutes.pdf Graphic file (type pdf)
<use ./animation_part-flutes.pdf, page 1>
File: ./animation_part-flutes.pdf Graphic file (type pdf)
<use ./animation_part-flutes.pdf, page 1>
 [27]
File: ./animation_part-flutes.pdf Graphic file (type pdf)
<use ./animation_part-flutes.pdf, page 2>
File: ./animation_part-flutes.pdf Graphic file (type pdf)
<use ./animation_part-flutes.pdf, page 2>
File: ./animation_part-flutes.pdf Graphic file (type pdf)
<use ./animation_part-flutes.pdf, page 2>
 [28]
File: ./animation_part-flutes.pdf Graphic file (type pdf)
<use ./animation_part-flutes.pdf, page 3>
File: ./animation_part-flutes.pdf Graphic file (type pdf)
<use ./animation_part-flutes.pdf, page 3>
File: ./animation_part-flutes.pdf Graphic file (type pdf)
<use ./animation_part-flutes.pdf, page 3>
 [29]
File: ./animation_part-recorders.pdf Graphic file (type pdf)
<use ./animation_part-recorders.pdf>
File: ./animation_part-recorders.pdf Graphic file (type pdf)
<use ./animation_part-recorders.pdf>
File: ./animation_part-recorders.pdf Graphic file (type pdf)
<use ./animation_part-recorders.pdf, page 1>
File: ./animation_part-recorders.pdf Graphic file (type pdf)
<use ./animation_part-recorders.pdf, page 1>
 [30]
File: ./animation_part-recorders.pdf Graphic file (type pdf)
<use ./animation_part-recorders.pdf, page 1>
File: ./animation_part-recorders.pdf Graphic file (type pdf)
<use ./animation_part-recorders.pdf, page 1>
File: ./animation_part-recorders.pdf Graphic file (type pdf)
<use ./animation_part-recorders.pdf, page 1>
 [31]
File: ./animation_part-recorders.pdf Graphic file (type pdf)
<use ./animation_part-recorders.pdf, page 2>
File: ./animation_part-recorders.pdf Graphic file (type pdf)
<use ./animation_part-recorders.pdf, page 2>
File: ./animation_part-recorders.pdf Graphic file (type pdf)
<use ./animation_part-recorders.pdf, page 2>
 [32]
File: ./animation_part-synth.pdf Graphic file (type pdf)
<use ./animation_part-synth.pdf>
File: ./animation_part-synth.pdf Graphic file (type pdf)
<use ./animation_part-synth.pdf>
File: ./animation_part-synth.pdf Graphic file (type pdf)
<use ./animation_part-synth.pdf, page 1>
File: ./animation_part-synth.pdf Graphic file (type pdf)
<use ./animation_part-synth.pdf, page 1>
 [33]
File: ./animation_part-synth.pdf Graphic file (type pdf)
<use ./animation_part-synth.pdf, page 1>
File: ./animation_part-synth.pdf Graphic file (type pdf)
<use ./animation_part-synth.pdf, page 1>
File: ./animation_part-synth.pdf Graphic file (type pdf)
<use ./animation_part-synth.pdf, page 1>
 [34]
File: ./animation_part-synth.pdf Graphic file (type pdf)
<use ./animation_part-synth.pdf, page 2>
File: ./animation_part-synth.pdf Graphic file (type pdf)
<use ./animation_part-synth.pdf, page 2>
File: ./animation_part-synth.pdf Graphic file (type pdf)
<use ./animation_part-synth.pdf, page 2>
 [35]
File: ./animation_part-synth.pdf Graphic file (type pdf)
<use ./animation_part-synth.pdf, page 3>
File: ./animation_part-synth.pdf Graphic file (type pdf)
<use ./animation_part-synth.pdf, page 3>
File: ./animation_part-synth.pdf Graphic file (type pdf)
<use ./animation_part-synth.pdf, page 3>
 [36]
File: ./animation_part-harp.pdf Graphic file (type pdf)
<use ./animation_part-harp.pdf>
File: ./animation_part-harp.pdf Graphic file (type pdf)
<use ./animation_part-harp.pdf>
File: ./animation_part-harp.pdf Graphic file (type pdf)
<use ./animation_part-harp.pdf, page 1>
File: ./animation_part-harp.pdf Graphic file (type pdf)
<use ./animation_part-harp.pdf, page 1>
 [37]
File: ./animation_part-harp.pdf Graphic file (type pdf)
<use ./animation_part-harp.pdf, page 1>
File: ./animation_part-harp.pdf Graphic file (type pdf)
<use ./animation_part-harp.pdf, page 1>
File: ./animation_part-harp.pdf Graphic file (type pdf)
<use ./animation_part-harp.pdf, page 1>
 [38]
File: ./animation_part-harp.pdf Graphic file (type pdf)
<use ./animation_part-harp.pdf, page 2>
File: ./animation_part-harp.pdf Graphic file (type pdf)
<use ./animation_part-harp.pdf, page 2>
File: ./animation_part-harp.pdf Graphic file (type pdf)
<use ./animation_part-harp.pdf, page 2>
 [39]
File: ./animation_part-harp.pdf Graphic file (type pdf)
<use ./animation_part-harp.pdf, page 3>
File: ./animation_part-harp.pdf Graphic file (type pdf)
<use ./animation_part-harp.pdf, page 3>
File: ./animation_part-harp.pdf Graphic file (type pdf)
<use ./animation_part-harp.pdf, page 3>
 [40]
File: ./animation_part-harp.pdf Graphic file (type pdf)
<use ./animation_part-harp.pdf, page 4>
File: ./animation_part-harp.pdf Graphic file (type pdf)
<use ./animation_part-harp.pdf, page 4>
File: ./animation_part-harp.pdf Graphic file (type pdf)
<use ./animation_part-harp.pdf, page 4>

[41]
Underfull \vbox (badness 10000) has occurred while \output is active []

 [42]
File: ./animation_part-cembalo.pdf Graphic file (type pdf)
<use ./animation_part-cembalo.pdf>
File: ./animation_part-cembalo.pdf Graphic file (type pdf)
<use ./animation_part-cembalo.pdf>
File: ./animation_part-cembalo.pdf Graphic file (type pdf)
<use ./animation_part-cembalo.pdf, page 1>
File: ./animation_part-cembalo.pdf Graphic file (type pdf)
<use ./animation_part-cembalo.pdf, page 1>

[43]
File: ./animation_part-cembalo.pdf Graphic file (type pdf)
<use ./animation_part-cembalo.pdf, page 1>
File: ./animation_part-cembalo.pdf Graphic file (type pdf)
<use ./animation_part-cembalo.pdf, page 1>
File: ./animation_part-cembalo.pdf Graphic file (type pdf)
<use ./animation_part-cembalo.pdf, page 1>
 [44]
File: ./animation_part-cembalo.pdf Graphic file (type pdf)
<use ./animation_part-cembalo.pdf, page 2>
File: ./animation_part-cembalo.pdf Graphic file (type pdf)
<use ./animation_part-cembalo.pdf, page 2>
File: ./animation_part-cembalo.pdf Graphic file (type pdf)
<use ./animation_part-cembalo.pdf, page 2>
 [45]
File: ./animation_part-cembalo.pdf Graphic file (type pdf)
<use ./animation_part-cembalo.pdf, page 3>
File: ./animation_part-cembalo.pdf Graphic file (type pdf)
<use ./animation_part-cembalo.pdf, page 3>
File: ./animation_part-cembalo.pdf Graphic file (type pdf)
<use ./animation_part-cembalo.pdf, page 3>
 [46]
File: ./animation_part-cembalo.pdf Graphic file (type pdf)
<use ./animation_part-cembalo.pdf, page 4>
File: ./animation_part-cembalo.pdf Graphic file (type pdf)
<use ./animation_part-cembalo.pdf, page 4>
File: ./animation_part-cembalo.pdf Graphic file (type pdf)
<use ./animation_part-cembalo.pdf, page 4>
 [47]
File: ./animation_part-cembalo.pdf Graphic file (type pdf)
<use ./animation_part-cembalo.pdf, page 5>
File: ./animation_part-cembalo.pdf Graphic file (type pdf)
<use ./animation_part-cembalo.pdf, page 5>
File: ./animation_part-cembalo.pdf Graphic file (type pdf)
<use ./animation_part-cembalo.pdf, page 5>
 [48] (./mccartney_animation.aux) ) 
Here is how much of TeX's memory you used:
 3059 strings out of 479212
 49059 string characters out of 5875086
 343932 words of memory out of 5000000
 22604 multiletter control sequences out of 15000+600000
 403502 words of font info for 36 fonts, out of 8000000 for 9000
 14 hyphenation exceptions out of 8191
 83i,18n,88p,257b,622s stack positions out of 5000i,500n,10000p,200000b,80000s

Output written on mccartney_animation.pdf (50 pages).
